#
# A fatal error has been detected by the Java Runtime Environment:
#
#  EXCEPTION_ACCESS_VIOLATION (0xc0000005) at pc=0x00007ffc2ff81323, pid=4300, tid=2388
#
# JRE version: Java(TM) SE Runtime Environment 18.9 (11.0.9+7) (build 11.0.9+7-LTS)
# Java VM: Java HotSpot(TM) 64-Bit Server VM 18.9 (11.0.9+7-LTS, mixed mode, tiered, compressed oops, g1 gc, windows-amd64)
# Problematic frame:
# C  [ntdll.dll+0x41323]
#
# No core dump will be written. Minidumps are not enabled by default on client versions of Windows
#
# If you would like to submit a bug report, please visit:
#   https://bugreport.java.com/bugreport/crash.jsp
#

---------------  S U M M A R Y ------------

Command Line: -Dfile.encoding=windows-1250 -Duser.country=CZ -Duser.language=cs -Duser.variant cz.unicode.grandle.Main

Host: AMD Ryzen 5 3600 6-Core Processor              , 12 cores, 15G,  Windows 10 , 64 bit Build 18362 (10.0.18362.1350)
Time: Tue Feb 16 19:48:22 2021 Stoední Evropa (bi?ný eas) elapsed time: 27.788451 seconds (0d 0h 0m 27s)

---------------  T H R E A D  ---------------

Current thread (0x000001f0a4f22800):  JavaThread "Reference Handler" daemon [_thread_in_vm, id=2388, stack(0x000000369fb00000,0x000000369fc00000)]

Stack: [0x000000369fb00000,0x000000369fc00000],  sp=0x000000369fbfedc0,  free space=1019k
Native frames: (J=compiled Java code, j=interpreted, Vv=VM code, C=native code)
C  [ntdll.dll+0x41323]
C  [ntdll.dll+0x406e1]
C  [AcLayers.DLL+0x72af]
C  [ucrtbase.dll+0x114cb]
V  [jvm.dll+0x72a92a]
C  0x000001f0883cf0d7

Java frames: (J=compiled Java code, j=interpreted, Vv=VM code)
j  jdk.internal.misc.Unsafe.freeMemory0(J)V+0 java.base@11.0.9
j  jdk.internal.misc.Unsafe.freeMemory(J)V+14 java.base@11.0.9
j  java.nio.DirectByteBuffer$Deallocator.run()V+17 java.base@11.0.9
j  jdk.internal.ref.Cleaner.clean()V+12 java.base@11.0.9
j  java.lang.ref.Reference.processPendingReferences()V+54 java.base@11.0.9
j  java.lang.ref.Reference$ReferenceHandler.run()V+0 java.base@11.0.9
v  ~StubRoutines::call_stub

siginfo: EXCEPTION_ACCESS_VIOLATION (0xc0000005), reading address 0x000001f0ac1d757f


Register to memory mapping:

RIP=0x00007ffc2ff81323 ntdll.dll
RAX=0x00007ffc2ff80690 ntdll.dll
RBX=0x000001f0f9660000 points into unknown readable memory: 00 00 00 00 00 00 00 00
RCX=0x000001f0f9660000 points into unknown readable memory: 00 00 00 00 00 00 00 00
RDX=0x000001f0ac1d7580 is an unknown value
RSP=0x000000369fbfedc0 is pointing into the stack for thread: 0x000001f0a4f22800
RBP=0x000001f0f9660000 points into unknown readable memory: 00 00 00 00 00 00 00 00
RSI=0x000001f0ac1d7580 is an unknown value
RDI=0x0 is NULL
R8 =0x0 is NULL
R9 =0x0 is NULL
R10=0x0000000000000004 is an unknown value
R11=0x0 is NULL
R12=0x0 is NULL
R13=0x000001f0ac1d7570 is an unknown value
R14=0x0 is NULL
R15=0x0 is NULL


Registers:
RAX=0x00007ffc2ff80690, RBX=0x000001f0f9660000, RCX=0x000001f0f9660000, RDX=0x000001f0ac1d7580
RSP=0x000000369fbfedc0, RBP=0x000001f0f9660000, RSI=0x000001f0ac1d7580, RDI=0x0000000000000000
R8 =0x0000000000000000, R9 =0x0000000000000000, R10=0x0000000000000004, R11=0x0000000000000000
R12=0x0000000000000000, R13=0x000001f0ac1d7570, R14=0x0000000000000000, R15=0x0000000000000000
RIP=0x00007ffc2ff81323, EFLAGS=0x0000000000010246

Top of Stack: (sp=0x000000369fbfedc0)
0x000000369fbfedc0:   000001f0a4665bf8 000001f0a4f22800
0x000000369fbfedd0:   000001f0a4f23808 000001f0a4f22800
0x000000369fbfede0:   000001f0fb94d820 00007ffbde655155
0x000000369fbfedf0:   000001f0fb94d820 00007ffb00000000
0x000000369fbfee00:   000000369fbff078 000000369fbff018
0x000000369fbfee10:   000001f0fb970e60 00007ffbde655205
0x000000369fbfee20:   000000080000f208 000001f0a4f22800
0x000000369fbfee30:   000001f0a4665bf8 000001f0a4f22800
0x000000369fbfee40:   0000000000000000 0000000000000000
0x000000369fbfee50:   000001f0a4665bf8 0000000000000000
0x000000369fbfee60:   000001f0ac1d7580 00007ffc2ff806e1
0x000000369fbfee70:   000001f0f9660000 000001f0f9660000
0x000000369fbfee80:   000001f0f9660000 0000000000000000
0x000000369fbfee90:   0000000000000000 0000000000000000
0x000000369fbfeea0:   000001f0ac1d7580 00007ffbfeb472af
0x000000369fbfeeb0:   0000000000000001 0000000000000000 

Instructions: (pc=0x00007ffc2ff81323)
0x00007ffc2ff81303:   3c 24 48 8b cd e8 43 f4 ff ff 85 c0 0f 84 8c fc
0x00007ffc2ff81313:   ff ff e9 5e 5e 06 00 4c 8d 6a f0 41 0f 0d 4d 00
0x00007ffc2ff81323:   41 80 7d 0f 05 75 0c 41 0f b6 45 0e 48 c1 e0 04
0x00007ffc2ff81333:   4c 2b e8 41 f6 45 0f 3f 0f 85 6e ff ff ff 45 33 


Stack slot to memory mapping:
stack at sp + 0 slots: {method} {0x000001f0a4665c00} 'freeMemory0' '(J)V' in 'jdk/internal/misc/Unsafe'
stack at sp + 1 slots: 0x000001f0a4f22800 is a thread
stack at sp + 2 slots: 0x000001f0a4f23808 points into unknown readable memory: 00 00 00 00 00 00 00 00
stack at sp + 3 slots: 0x000001f0a4f22800 is a thread
stack at sp + 4 slots: 0x000001f0fb94d820 points into unknown readable memory: 00 00 00 00 00 00 00 00
stack at sp + 5 slots: 0x00007ffbde655155 jvm.dll
stack at sp + 6 slots: 0x000001f0fb94d820 points into unknown readable memory: 00 00 00 00 00 00 00 00
stack at sp + 7 slots: 0x00007ffb00000000 is an unknown value


---------------  P R O C E S S  ---------------

Threads class SMR info:
_java_thread_list=0x000001f0a530cf30, length=10, elements={
0x000001f0fb951800, 0x000001f0a4f22800, 0x000001f0a4f2c000, 0x000001f0a4fbb800,
0x000001f0a4fbc800, 0x000001f0a4fbd800, 0x000001f0a4fbf000, 0x000001f0a4fcb000,
0x000001f0a52f3000, 0x000001f0a530d800
}

Java Threads: ( => current thread )
  0x000001f0fb951800 JavaThread "main" [_thread_in_native, id=11636, stack(0x000000369f400000,0x000000369f500000)]
=>0x000001f0a4f22800 JavaThread "Reference Handler" daemon [_thread_in_vm, id=2388, stack(0x000000369fb00000,0x000000369fc00000)]
  0x000001f0a4f2c000 JavaThread "Finalizer" daemon [_thread_blocked, id=19072, stack(0x000000369fc00000,0x000000369fd00000)]
  0x000001f0a4fbb800 JavaThread "Signal Dispatcher" daemon [_thread_blocked, id=24924, stack(0x000000369fd00000,0x000000369fe00000)]
  0x000001f0a4fbc800 JavaThread "Attach Listener" daemon [_thread_blocked, id=24376, stack(0x000000369fe00000,0x000000369ff00000)]
  0x000001f0a4fbd800 JavaThread "C2 CompilerThread0" daemon [_thread_blocked, id=15268, stack(0x000000369ff00000,0x00000036a0000000)]
  0x000001f0a4fbf000 JavaThread "C1 CompilerThread0" daemon [_thread_blocked, id=12136, stack(0x00000036a0000000,0x00000036a0100000)]
  0x000001f0a4fcb000 JavaThread "Sweeper thread" daemon [_thread_blocked, id=22384, stack(0x00000036a0100000,0x00000036a0200000)]
  0x000001f0a52f3000 JavaThread "Service Thread" daemon [_thread_blocked, id=13584, stack(0x00000036a0200000,0x00000036a0300000)]
  0x000001f0a530d800 JavaThread "Common-Cleaner" daemon [_thread_blocked, id=8400, stack(0x00000036a0400000,0x00000036a0500000)]

Other Threads:
  0x000001f0a4f08800 VMThread "VM Thread" [stack: 0x000000369fa00000,0x000000369fb00000] [id=17172]
  0x000001f0a52f8000 WatcherThread [stack: 0x00000036a0300000,0x00000036a0400000] [id=19788]
  0x000001f0fb967000 GCTaskThread "GC Thread#0" [stack: 0x000000369f500000,0x000000369f600000] [id=19732]
  0x000001f0a6ec4800 GCTaskThread "GC Thread#1" [stack: 0x00000036a0b00000,0x00000036a0c00000] [id=24948]
  0x000001f0ac56d800 GCTaskThread "GC Thread#2" [stack: 0x00000036a0c00000,0x00000036a0d00000] [id=23640]
  0x000001f0a77f3800 GCTaskThread "GC Thread#3" [stack: 0x00000036a0d00000,0x00000036a0e00000] [id=23368]
  0x000001f0a75d1000 GCTaskThread "GC Thread#4" [stack: 0x00000036a0e00000,0x00000036a0f00000] [id=10720]
  0x000001f0a7446800 GCTaskThread "GC Thread#5" [stack: 0x00000036a0f00000,0x00000036a1000000] [id=11068]
  0x000001f0a191e800 ConcurrentGCThread "G1 Main Marker" [stack: 0x000000369f600000,0x000000369f700000] [id=5600]
  0x000001f0a191f800 ConcurrentGCThread "G1 Conc#0" [stack: 0x000000369f700000,0x000000369f800000] [id=9832]
  0x000001f0a1a8a800 ConcurrentGCThread "G1 Refine#0" [stack: 0x000000369f800000,0x000000369f900000] [id=18576]
  0x000001f0a1a8b800 ConcurrentGCThread "G1 Young RemSet Sampling" [stack: 0x000000369f900000,0x000000369fa00000] [id=15916]

Threads with active compile tasks:

VM state:not at safepoint (normal execution)

VM Mutex/Monitor currently owned by a thread: None

Heap address: 0x0000000700c00000, size: 4084 MB, Compressed Oops mode: Zero based, Oop shift amount: 3
Narrow klass base: 0x0000000800000000, Narrow klass shift: 0
Compressed class space size: 1073741824 Address: 0x0000000800000000

Heap:
 garbage-first heap   total 262144K, used 3735K [0x0000000700c00000, 0x0000000800000000)
  region size 1024K, 4 young (4096K), 3 survivors (3072K)
 Metaspace       used 11339K, capacity 11564K, committed 11904K, reserved 1060864K
  class space    used 795K, capacity 857K, committed 896K, reserved 1048576K
Heap Regions: E=young(eden), S=young(survivor), O=old, HS=humongous(starts), HC=humongous(continues), CS=collection set, F=free, A=archive, TAMS=top-at-mark-start (previous, next)
|   0|0x0000000700c00000, 0x0000000700ca5e00, 0x0000000700d00000| 64%| O|  |TAMS 0x0000000700c00000, 0x0000000700c00000| Untracked 
|   1|0x0000000700d00000, 0x0000000700d00000, 0x0000000700e00000|  0%| F|  |TAMS 0x0000000700d00000, 0x0000000700d00000| Untracked 
|   2|0x0000000700e00000, 0x0000000700e00000, 0x0000000700f00000|  0%| F|  |TAMS 0x0000000700e00000, 0x0000000700e00000| Untracked 
|   3|0x0000000700f00000, 0x0000000700f00000, 0x0000000701000000|  0%| F|  |TAMS 0x0000000700f00000, 0x0000000700f00000| Untracked 
|   4|0x0000000701000000, 0x0000000701000000, 0x0000000701100000|  0%| F|  |TAMS 0x0000000701000000, 0x0000000701000000| Untracked 
|   5|0x0000000701100000, 0x0000000701100000, 0x0000000701200000|  0%| F|  |TAMS 0x0000000701100000, 0x0000000701100000| Untracked 
|   6|0x0000000701200000, 0x0000000701200000, 0x0000000701300000|  0%| F|  |TAMS 0x0000000701200000, 0x0000000701200000| Untracked 
|   7|0x0000000701300000, 0x0000000701300000, 0x0000000701400000|  0%| F|  |TAMS 0x0000000701300000, 0x0000000701300000| Untracked 
|   8|0x0000000701400000, 0x0000000701400000, 0x0000000701500000|  0%| F|  |TAMS 0x0000000701400000, 0x0000000701400000| Untracked 
|   9|0x0000000701500000, 0x0000000701500000, 0x0000000701600000|  0%| F|  |TAMS 0x0000000701500000, 0x0000000701500000| Untracked 
|  10|0x0000000701600000, 0x0000000701600000, 0x0000000701700000|  0%| F|  |TAMS 0x0000000701600000, 0x0000000701600000| Untracked 
|  11|0x0000000701700000, 0x0000000701700000, 0x0000000701800000|  0%| F|  |TAMS 0x0000000701700000, 0x0000000701700000| Untracked 
|  12|0x0000000701800000, 0x0000000701800000, 0x0000000701900000|  0%| F|  |TAMS 0x0000000701800000, 0x0000000701800000| Untracked 
|  13|0x0000000701900000, 0x0000000701900000, 0x0000000701a00000|  0%| F|  |TAMS 0x0000000701900000, 0x0000000701900000| Untracked 
|  14|0x0000000701a00000, 0x0000000701a00000, 0x0000000701b00000|  0%| F|  |TAMS 0x0000000701a00000, 0x0000000701a00000| Untracked 
|  15|0x0000000701b00000, 0x0000000701b00000, 0x0000000701c00000|  0%| F|  |TAMS 0x0000000701b00000, 0x0000000701b00000| Untracked 
|  16|0x0000000701c00000, 0x0000000701c00000, 0x0000000701d00000|  0%| F|  |TAMS 0x0000000701c00000, 0x0000000701c00000| Untracked 
|  17|0x0000000701d00000, 0x0000000701d00000, 0x0000000701e00000|  0%| F|  |TAMS 0x0000000701d00000, 0x0000000701d00000| Untracked 
|  18|0x0000000701e00000, 0x0000000701e00000, 0x0000000701f00000|  0%| F|  |TAMS 0x0000000701e00000, 0x0000000701e00000| Untracked 
|  19|0x0000000701f00000, 0x0000000701f00000, 0x0000000702000000|  0%| F|  |TAMS 0x0000000701f00000, 0x0000000701f00000| Untracked 
|  20|0x0000000702000000, 0x0000000702000000, 0x0000000702100000|  0%| F|  |TAMS 0x0000000702000000, 0x0000000702000000| Untracked 
|  21|0x0000000702100000, 0x0000000702100000, 0x0000000702200000|  0%| F|  |TAMS 0x0000000702100000, 0x0000000702100000| Untracked 
|  22|0x0000000702200000, 0x0000000702200000, 0x0000000702300000|  0%| F|  |TAMS 0x0000000702200000, 0x0000000702200000| Untracked 
|  23|0x0000000702300000, 0x0000000702300000, 0x0000000702400000|  0%| F|  |TAMS 0x0000000702300000, 0x0000000702300000| Untracked 
|  24|0x0000000702400000, 0x0000000702400000, 0x0000000702500000|  0%| F|  |TAMS 0x0000000702400000, 0x0000000702400000| Untracked 
|  25|0x0000000702500000, 0x0000000702500000, 0x0000000702600000|  0%| F|  |TAMS 0x0000000702500000, 0x0000000702500000| Untracked 
|  26|0x0000000702600000, 0x0000000702600000, 0x0000000702700000|  0%| F|  |TAMS 0x0000000702600000, 0x0000000702600000| Untracked 
|  27|0x0000000702700000, 0x0000000702700000, 0x0000000702800000|  0%| F|  |TAMS 0x0000000702700000, 0x0000000702700000| Untracked 
|  28|0x0000000702800000, 0x0000000702800000, 0x0000000702900000|  0%| F|  |TAMS 0x0000000702800000, 0x0000000702800000| Untracked 
|  29|0x0000000702900000, 0x0000000702900000, 0x0000000702a00000|  0%| F|  |TAMS 0x0000000702900000, 0x0000000702900000| Untracked 
|  30|0x0000000702a00000, 0x0000000702a00000, 0x0000000702b00000|  0%| F|  |TAMS 0x0000000702a00000, 0x0000000702a00000| Untracked 
|  31|0x0000000702b00000, 0x0000000702b00000, 0x0000000702c00000|  0%| F|  |TAMS 0x0000000702b00000, 0x0000000702b00000| Untracked 
|  32|0x0000000702c00000, 0x0000000702c00000, 0x0000000702d00000|  0%| F|  |TAMS 0x0000000702c00000, 0x0000000702c00000| Untracked 
|  33|0x0000000702d00000, 0x0000000702d00000, 0x0000000702e00000|  0%| F|  |TAMS 0x0000000702d00000, 0x0000000702d00000| Untracked 
|  34|0x0000000702e00000, 0x0000000702e00000, 0x0000000702f00000|  0%| F|  |TAMS 0x0000000702e00000, 0x0000000702e00000| Untracked 
|  35|0x0000000702f00000, 0x0000000702f00000, 0x0000000703000000|  0%| F|  |TAMS 0x0000000702f00000, 0x0000000702f00000| Untracked 
|  36|0x0000000703000000, 0x0000000703000000, 0x0000000703100000|  0%| F|  |TAMS 0x0000000703000000, 0x0000000703000000| Untracked 
|  37|0x0000000703100000, 0x0000000703100000, 0x0000000703200000|  0%| F|  |TAMS 0x0000000703100000, 0x0000000703100000| Untracked 
|  38|0x0000000703200000, 0x0000000703200000, 0x0000000703300000|  0%| F|  |TAMS 0x0000000703200000, 0x0000000703200000| Untracked 
|  39|0x0000000703300000, 0x0000000703300000, 0x0000000703400000|  0%| F|  |TAMS 0x0000000703300000, 0x0000000703300000| Untracked 
|  40|0x0000000703400000, 0x0000000703400000, 0x0000000703500000|  0%| F|  |TAMS 0x0000000703400000, 0x0000000703400000| Untracked 
|  41|0x0000000703500000, 0x0000000703500000, 0x0000000703600000|  0%| F|  |TAMS 0x0000000703500000, 0x0000000703500000| Untracked 
|  42|0x0000000703600000, 0x0000000703600000, 0x0000000703700000|  0%| F|  |TAMS 0x0000000703600000, 0x0000000703600000| Untracked 
|  43|0x0000000703700000, 0x0000000703700000, 0x0000000703800000|  0%| F|  |TAMS 0x0000000703700000, 0x0000000703700000| Untracked 
|  44|0x0000000703800000, 0x0000000703800000, 0x0000000703900000|  0%| F|  |TAMS 0x0000000703800000, 0x0000000703800000| Untracked 
|  45|0x0000000703900000, 0x0000000703900000, 0x0000000703a00000|  0%| F|  |TAMS 0x0000000703900000, 0x0000000703900000| Untracked 
|  46|0x0000000703a00000, 0x0000000703a00000, 0x0000000703b00000|  0%| F|  |TAMS 0x0000000703a00000, 0x0000000703a00000| Untracked 
|  47|0x0000000703b00000, 0x0000000703b00000, 0x0000000703c00000|  0%| F|  |TAMS 0x0000000703b00000, 0x0000000703b00000| Untracked 
|  48|0x0000000703c00000, 0x0000000703c00000, 0x0000000703d00000|  0%| F|  |TAMS 0x0000000703c00000, 0x0000000703c00000| Untracked 
|  49|0x0000000703d00000, 0x0000000703d00000, 0x0000000703e00000|  0%| F|  |TAMS 0x0000000703d00000, 0x0000000703d00000| Untracked 
|  50|0x0000000703e00000, 0x0000000703e00000, 0x0000000703f00000|  0%| F|  |TAMS 0x0000000703e00000, 0x0000000703e00000| Untracked 
|  51|0x0000000703f00000, 0x0000000703f00000, 0x0000000704000000|  0%| F|  |TAMS 0x0000000703f00000, 0x0000000703f00000| Untracked 
|  52|0x0000000704000000, 0x0000000704000000, 0x0000000704100000|  0%| F|  |TAMS 0x0000000704000000, 0x0000000704000000| Untracked 
|  53|0x0000000704100000, 0x0000000704100000, 0x0000000704200000|  0%| F|  |TAMS 0x0000000704100000, 0x0000000704100000| Untracked 
|  54|0x0000000704200000, 0x0000000704200000, 0x0000000704300000|  0%| F|  |TAMS 0x0000000704200000, 0x0000000704200000| Untracked 
|  55|0x0000000704300000, 0x0000000704300000, 0x0000000704400000|  0%| F|  |TAMS 0x0000000704300000, 0x0000000704300000| Untracked 
|  56|0x0000000704400000, 0x0000000704400000, 0x0000000704500000|  0%| F|  |TAMS 0x0000000704400000, 0x0000000704400000| Untracked 
|  57|0x0000000704500000, 0x0000000704500000, 0x0000000704600000|  0%| F|  |TAMS 0x0000000704500000, 0x0000000704500000| Untracked 
|  58|0x0000000704600000, 0x0000000704600000, 0x0000000704700000|  0%| F|  |TAMS 0x0000000704600000, 0x0000000704600000| Untracked 
|  59|0x0000000704700000, 0x0000000704700000, 0x0000000704800000|  0%| F|  |TAMS 0x0000000704700000, 0x0000000704700000| Untracked 
|  60|0x0000000704800000, 0x0000000704800000, 0x0000000704900000|  0%| F|  |TAMS 0x0000000704800000, 0x0000000704800000| Untracked 
|  61|0x0000000704900000, 0x0000000704900000, 0x0000000704a00000|  0%| F|  |TAMS 0x0000000704900000, 0x0000000704900000| Untracked 
|  62|0x0000000704a00000, 0x0000000704a00000, 0x0000000704b00000|  0%| F|  |TAMS 0x0000000704a00000, 0x0000000704a00000| Untracked 
|  63|0x0000000704b00000, 0x0000000704b00000, 0x0000000704c00000|  0%| F|  |TAMS 0x0000000704b00000, 0x0000000704b00000| Untracked 
|  64|0x0000000704c00000, 0x0000000704c00000, 0x0000000704d00000|  0%| F|  |TAMS 0x0000000704c00000, 0x0000000704c00000| Untracked 
|  65|0x0000000704d00000, 0x0000000704d00000, 0x0000000704e00000|  0%| F|  |TAMS 0x0000000704d00000, 0x0000000704d00000| Untracked 
|  66|0x0000000704e00000, 0x0000000704e00000, 0x0000000704f00000|  0%| F|  |TAMS 0x0000000704e00000, 0x0000000704e00000| Untracked 
|  67|0x0000000704f00000, 0x0000000704f00000, 0x0000000705000000|  0%| F|  |TAMS 0x0000000704f00000, 0x0000000704f00000| Untracked 
|  68|0x0000000705000000, 0x0000000705000000, 0x0000000705100000|  0%| F|  |TAMS 0x0000000705000000, 0x0000000705000000| Untracked 
|  69|0x0000000705100000, 0x0000000705100000, 0x0000000705200000|  0%| F|  |TAMS 0x0000000705100000, 0x0000000705100000| Untracked 
|  70|0x0000000705200000, 0x0000000705200000, 0x0000000705300000|  0%| F|  |TAMS 0x0000000705200000, 0x0000000705200000| Untracked 
|  71|0x0000000705300000, 0x0000000705300000, 0x0000000705400000|  0%| F|  |TAMS 0x0000000705300000, 0x0000000705300000| Untracked 
|  72|0x0000000705400000, 0x0000000705400000, 0x0000000705500000|  0%| F|  |TAMS 0x0000000705400000, 0x0000000705400000| Untracked 
|  73|0x0000000705500000, 0x0000000705500000, 0x0000000705600000|  0%| F|  |TAMS 0x0000000705500000, 0x0000000705500000| Untracked 
|  74|0x0000000705600000, 0x0000000705600000, 0x0000000705700000|  0%| F|  |TAMS 0x0000000705600000, 0x0000000705600000| Untracked 
|  75|0x0000000705700000, 0x0000000705700000, 0x0000000705800000|  0%| F|  |TAMS 0x0000000705700000, 0x0000000705700000| Untracked 
|  76|0x0000000705800000, 0x0000000705800000, 0x0000000705900000|  0%| F|  |TAMS 0x0000000705800000, 0x0000000705800000| Untracked 
|  77|0x0000000705900000, 0x0000000705900000, 0x0000000705a00000|  0%| F|  |TAMS 0x0000000705900000, 0x0000000705900000| Untracked 
|  78|0x0000000705a00000, 0x0000000705a00000, 0x0000000705b00000|  0%| F|  |TAMS 0x0000000705a00000, 0x0000000705a00000| Untracked 
|  79|0x0000000705b00000, 0x0000000705b00000, 0x0000000705c00000|  0%| F|  |TAMS 0x0000000705b00000, 0x0000000705b00000| Untracked 
|  80|0x0000000705c00000, 0x0000000705c00000, 0x0000000705d00000|  0%| F|  |TAMS 0x0000000705c00000, 0x0000000705c00000| Untracked 
|  81|0x0000000705d00000, 0x0000000705d00000, 0x0000000705e00000|  0%| F|  |TAMS 0x0000000705d00000, 0x0000000705d00000| Untracked 
|  82|0x0000000705e00000, 0x0000000705e00000, 0x0000000705f00000|  0%| F|  |TAMS 0x0000000705e00000, 0x0000000705e00000| Untracked 
|  83|0x0000000705f00000, 0x0000000705f00000, 0x0000000706000000|  0%| F|  |TAMS 0x0000000705f00000, 0x0000000705f00000| Untracked 
|  84|0x0000000706000000, 0x0000000706000000, 0x0000000706100000|  0%| F|  |TAMS 0x0000000706000000, 0x0000000706000000| Untracked 
|  85|0x0000000706100000, 0x0000000706100000, 0x0000000706200000|  0%| F|  |TAMS 0x0000000706100000, 0x0000000706100000| Untracked 
|  86|0x0000000706200000, 0x0000000706200000, 0x0000000706300000|  0%| F|  |TAMS 0x0000000706200000, 0x0000000706200000| Untracked 
|  87|0x0000000706300000, 0x0000000706300000, 0x0000000706400000|  0%| F|  |TAMS 0x0000000706300000, 0x0000000706300000| Untracked 
|  88|0x0000000706400000, 0x0000000706400000, 0x0000000706500000|  0%| F|  |TAMS 0x0000000706400000, 0x0000000706400000| Untracked 
|  89|0x0000000706500000, 0x0000000706500000, 0x0000000706600000|  0%| F|  |TAMS 0x0000000706500000, 0x0000000706500000| Untracked 
|  90|0x0000000706600000, 0x0000000706600000, 0x0000000706700000|  0%| F|  |TAMS 0x0000000706600000, 0x0000000706600000| Untracked 
|  91|0x0000000706700000, 0x0000000706700000, 0x0000000706800000|  0%| F|  |TAMS 0x0000000706700000, 0x0000000706700000| Untracked 
|  92|0x0000000706800000, 0x0000000706800000, 0x0000000706900000|  0%| F|  |TAMS 0x0000000706800000, 0x0000000706800000| Untracked 
|  93|0x0000000706900000, 0x0000000706900000, 0x0000000706a00000|  0%| F|  |TAMS 0x0000000706900000, 0x0000000706900000| Untracked 
|  94|0x0000000706a00000, 0x0000000706a00000, 0x0000000706b00000|  0%| F|  |TAMS 0x0000000706a00000, 0x0000000706a00000| Untracked 
|  95|0x0000000706b00000, 0x0000000706b00000, 0x0000000706c00000|  0%| F|  |TAMS 0x0000000706b00000, 0x0000000706b00000| Untracked 
|  96|0x0000000706c00000, 0x0000000706c00000, 0x0000000706d00000|  0%| F|  |TAMS 0x0000000706c00000, 0x0000000706c00000| Untracked 
|  97|0x0000000706d00000, 0x0000000706d00000, 0x0000000706e00000|  0%| F|  |TAMS 0x0000000706d00000, 0x0000000706d00000| Untracked 
|  98|0x0000000706e00000, 0x0000000706e00000, 0x0000000706f00000|  0%| F|  |TAMS 0x0000000706e00000, 0x0000000706e00000| Untracked 
|  99|0x0000000706f00000, 0x0000000706f00000, 0x0000000707000000|  0%| F|  |TAMS 0x0000000706f00000, 0x0000000706f00000| Untracked 
| 100|0x0000000707000000, 0x0000000707000000, 0x0000000707100000|  0%| F|  |TAMS 0x0000000707000000, 0x0000000707000000| Untracked 
| 101|0x0000000707100000, 0x0000000707100000, 0x0000000707200000|  0%| F|  |TAMS 0x0000000707100000, 0x0000000707100000| Untracked 
| 102|0x0000000707200000, 0x0000000707200000, 0x0000000707300000|  0%| F|  |TAMS 0x0000000707200000, 0x0000000707200000| Untracked 
| 103|0x0000000707300000, 0x0000000707300000, 0x0000000707400000|  0%| F|  |TAMS 0x0000000707300000, 0x0000000707300000| Untracked 
| 104|0x0000000707400000, 0x0000000707400000, 0x0000000707500000|  0%| F|  |TAMS 0x0000000707400000, 0x0000000707400000| Untracked 
| 105|0x0000000707500000, 0x0000000707500000, 0x0000000707600000|  0%| F|  |TAMS 0x0000000707500000, 0x0000000707500000| Untracked 
| 106|0x0000000707600000, 0x0000000707600000, 0x0000000707700000|  0%| F|  |TAMS 0x0000000707600000, 0x0000000707600000| Untracked 
| 107|0x0000000707700000, 0x0000000707700000, 0x0000000707800000|  0%| F|  |TAMS 0x0000000707700000, 0x0000000707700000| Untracked 
| 108|0x0000000707800000, 0x0000000707800000, 0x0000000707900000|  0%| F|  |TAMS 0x0000000707800000, 0x0000000707800000| Untracked 
| 109|0x0000000707900000, 0x0000000707900000, 0x0000000707a00000|  0%| F|  |TAMS 0x0000000707900000, 0x0000000707900000| Untracked 
| 110|0x0000000707a00000, 0x0000000707a00000, 0x0000000707b00000|  0%| F|  |TAMS 0x0000000707a00000, 0x0000000707a00000| Untracked 
| 111|0x0000000707b00000, 0x0000000707b00000, 0x0000000707c00000|  0%| F|  |TAMS 0x0000000707b00000, 0x0000000707b00000| Untracked 
| 112|0x0000000707c00000, 0x0000000707c00000, 0x0000000707d00000|  0%| F|  |TAMS 0x0000000707c00000, 0x0000000707c00000| Untracked 
| 113|0x0000000707d00000, 0x0000000707d00000, 0x0000000707e00000|  0%| F|  |TAMS 0x0000000707d00000, 0x0000000707d00000| Untracked 
| 114|0x0000000707e00000, 0x0000000707e00000, 0x0000000707f00000|  0%| F|  |TAMS 0x0000000707e00000, 0x0000000707e00000| Untracked 
| 115|0x0000000707f00000, 0x0000000707f00000, 0x0000000708000000|  0%| F|  |TAMS 0x0000000707f00000, 0x0000000707f00000| Untracked 
| 116|0x0000000708000000, 0x0000000708000000, 0x0000000708100000|  0%| F|  |TAMS 0x0000000708000000, 0x0000000708000000| Untracked 
| 117|0x0000000708100000, 0x0000000708100000, 0x0000000708200000|  0%| F|  |TAMS 0x0000000708100000, 0x0000000708100000| Untracked 
| 118|0x0000000708200000, 0x0000000708200000, 0x0000000708300000|  0%| F|  |TAMS 0x0000000708200000, 0x0000000708200000| Untracked 
| 119|0x0000000708300000, 0x0000000708300000, 0x0000000708400000|  0%| F|  |TAMS 0x0000000708300000, 0x0000000708300000| Untracked 
| 120|0x0000000708400000, 0x0000000708400000, 0x0000000708500000|  0%| F|  |TAMS 0x0000000708400000, 0x0000000708400000| Untracked 
| 121|0x0000000708500000, 0x0000000708500000, 0x0000000708600000|  0%| F|  |TAMS 0x0000000708500000, 0x0000000708500000| Untracked 
| 122|0x0000000708600000, 0x0000000708600000, 0x0000000708700000|  0%| F|  |TAMS 0x0000000708600000, 0x0000000708600000| Untracked 
| 123|0x0000000708700000, 0x0000000708700000, 0x0000000708800000|  0%| F|  |TAMS 0x0000000708700000, 0x0000000708700000| Untracked 
| 124|0x0000000708800000, 0x0000000708800000, 0x0000000708900000|  0%| F|  |TAMS 0x0000000708800000, 0x0000000708800000| Untracked 
| 125|0x0000000708900000, 0x0000000708900000, 0x0000000708a00000|  0%| F|  |TAMS 0x0000000708900000, 0x0000000708900000| Untracked 
| 126|0x0000000708a00000, 0x0000000708a00000, 0x0000000708b00000|  0%| F|  |TAMS 0x0000000708a00000, 0x0000000708a00000| Untracked 
| 127|0x0000000708b00000, 0x0000000708b00000, 0x0000000708c00000|  0%| F|  |TAMS 0x0000000708b00000, 0x0000000708b00000| Untracked 
| 128|0x0000000708c00000, 0x0000000708c00000, 0x0000000708d00000|  0%| F|  |TAMS 0x0000000708c00000, 0x0000000708c00000| Untracked 
| 129|0x0000000708d00000, 0x0000000708d00000, 0x0000000708e00000|  0%| F|  |TAMS 0x0000000708d00000, 0x0000000708d00000| Untracked 
| 130|0x0000000708e00000, 0x0000000708e00000, 0x0000000708f00000|  0%| F|  |TAMS 0x0000000708e00000, 0x0000000708e00000| Untracked 
| 131|0x0000000708f00000, 0x0000000708f00000, 0x0000000709000000|  0%| F|  |TAMS 0x0000000708f00000, 0x0000000708f00000| Untracked 
| 132|0x0000000709000000, 0x0000000709000000, 0x0000000709100000|  0%| F|  |TAMS 0x0000000709000000, 0x0000000709000000| Untracked 
| 133|0x0000000709100000, 0x0000000709100000, 0x0000000709200000|  0%| F|  |TAMS 0x0000000709100000, 0x0000000709100000| Untracked 
| 134|0x0000000709200000, 0x0000000709200000, 0x0000000709300000|  0%| F|  |TAMS 0x0000000709200000, 0x0000000709200000| Untracked 
| 135|0x0000000709300000, 0x0000000709300000, 0x0000000709400000|  0%| F|  |TAMS 0x0000000709300000, 0x0000000709300000| Untracked 
| 136|0x0000000709400000, 0x0000000709400000, 0x0000000709500000|  0%| F|  |TAMS 0x0000000709400000, 0x0000000709400000| Untracked 
| 137|0x0000000709500000, 0x0000000709500000, 0x0000000709600000|  0%| F|  |TAMS 0x0000000709500000, 0x0000000709500000| Untracked 
| 138|0x0000000709600000, 0x0000000709600000, 0x0000000709700000|  0%| F|  |TAMS 0x0000000709600000, 0x0000000709600000| Untracked 
| 139|0x0000000709700000, 0x0000000709700000, 0x0000000709800000|  0%| F|  |TAMS 0x0000000709700000, 0x0000000709700000| Untracked 
| 140|0x0000000709800000, 0x0000000709800000, 0x0000000709900000|  0%| F|  |TAMS 0x0000000709800000, 0x0000000709800000| Untracked 
| 141|0x0000000709900000, 0x0000000709900000, 0x0000000709a00000|  0%| F|  |TAMS 0x0000000709900000, 0x0000000709900000| Untracked 
| 142|0x0000000709a00000, 0x0000000709a00000, 0x0000000709b00000|  0%| F|  |TAMS 0x0000000709a00000, 0x0000000709a00000| Untracked 
| 143|0x0000000709b00000, 0x0000000709b00000, 0x0000000709c00000|  0%| F|  |TAMS 0x0000000709b00000, 0x0000000709b00000| Untracked 
| 144|0x0000000709c00000, 0x0000000709c00000, 0x0000000709d00000|  0%| F|  |TAMS 0x0000000709c00000, 0x0000000709c00000| Untracked 
| 145|0x0000000709d00000, 0x0000000709d00000, 0x0000000709e00000|  0%| F|  |TAMS 0x0000000709d00000, 0x0000000709d00000| Untracked 
| 146|0x0000000709e00000, 0x0000000709e00000, 0x0000000709f00000|  0%| F|  |TAMS 0x0000000709e00000, 0x0000000709e00000| Untracked 
| 147|0x0000000709f00000, 0x0000000709f00000, 0x000000070a000000|  0%| F|  |TAMS 0x0000000709f00000, 0x0000000709f00000| Untracked 
| 148|0x000000070a000000, 0x000000070a000000, 0x000000070a100000|  0%| F|  |TAMS 0x000000070a000000, 0x000000070a000000| Untracked 
| 149|0x000000070a100000, 0x000000070a100000, 0x000000070a200000|  0%| F|  |TAMS 0x000000070a100000, 0x000000070a100000| Untracked 
| 150|0x000000070a200000, 0x000000070a200000, 0x000000070a300000|  0%| F|  |TAMS 0x000000070a200000, 0x000000070a200000| Untracked 
| 151|0x000000070a300000, 0x000000070a300000, 0x000000070a400000|  0%| F|  |TAMS 0x000000070a300000, 0x000000070a300000| Untracked 
| 152|0x000000070a400000, 0x000000070a400000, 0x000000070a500000|  0%| F|  |TAMS 0x000000070a400000, 0x000000070a400000| Untracked 
| 153|0x000000070a500000, 0x000000070a500000, 0x000000070a600000|  0%| F|  |TAMS 0x000000070a500000, 0x000000070a500000| Untracked 
| 154|0x000000070a600000, 0x000000070a600000, 0x000000070a700000|  0%| F|  |TAMS 0x000000070a600000, 0x000000070a600000| Untracked 
| 155|0x000000070a700000, 0x000000070a700000, 0x000000070a800000|  0%| F|  |TAMS 0x000000070a700000, 0x000000070a700000| Untracked 
| 156|0x000000070a800000, 0x000000070a800000, 0x000000070a900000|  0%| F|  |TAMS 0x000000070a800000, 0x000000070a800000| Untracked 
| 157|0x000000070a900000, 0x000000070a900000, 0x000000070aa00000|  0%| F|  |TAMS 0x000000070a900000, 0x000000070a900000| Untracked 
| 158|0x000000070aa00000, 0x000000070aa00000, 0x000000070ab00000|  0%| F|  |TAMS 0x000000070aa00000, 0x000000070aa00000| Untracked 
| 159|0x000000070ab00000, 0x000000070ab00000, 0x000000070ac00000|  0%| F|  |TAMS 0x000000070ab00000, 0x000000070ab00000| Untracked 
| 160|0x000000070ac00000, 0x000000070ac00000, 0x000000070ad00000|  0%| F|  |TAMS 0x000000070ac00000, 0x000000070ac00000| Untracked 
| 161|0x000000070ad00000, 0x000000070ad00000, 0x000000070ae00000|  0%| F|  |TAMS 0x000000070ad00000, 0x000000070ad00000| Untracked 
| 162|0x000000070ae00000, 0x000000070ae00000, 0x000000070af00000|  0%| F|  |TAMS 0x000000070ae00000, 0x000000070ae00000| Untracked 
| 163|0x000000070af00000, 0x000000070af00000, 0x000000070b000000|  0%| F|  |TAMS 0x000000070af00000, 0x000000070af00000| Untracked 
| 164|0x000000070b000000, 0x000000070b000000, 0x000000070b100000|  0%| F|  |TAMS 0x000000070b000000, 0x000000070b000000| Untracked 
| 165|0x000000070b100000, 0x000000070b100000, 0x000000070b200000|  0%| F|  |TAMS 0x000000070b100000, 0x000000070b100000| Untracked 
| 166|0x000000070b200000, 0x000000070b200000, 0x000000070b300000|  0%| F|  |TAMS 0x000000070b200000, 0x000000070b200000| Untracked 
| 167|0x000000070b300000, 0x000000070b300000, 0x000000070b400000|  0%| F|  |TAMS 0x000000070b300000, 0x000000070b300000| Untracked 
| 168|0x000000070b400000, 0x000000070b400000, 0x000000070b500000|  0%| F|  |TAMS 0x000000070b400000, 0x000000070b400000| Untracked 
| 169|0x000000070b500000, 0x000000070b500000, 0x000000070b600000|  0%| F|  |TAMS 0x000000070b500000, 0x000000070b500000| Untracked 
| 170|0x000000070b600000, 0x000000070b600000, 0x000000070b700000|  0%| F|  |TAMS 0x000000070b600000, 0x000000070b600000| Untracked 
| 171|0x000000070b700000, 0x000000070b700000, 0x000000070b800000|  0%| F|  |TAMS 0x000000070b700000, 0x000000070b700000| Untracked 
| 172|0x000000070b800000, 0x000000070b800000, 0x000000070b900000|  0%| F|  |TAMS 0x000000070b800000, 0x000000070b800000| Untracked 
| 173|0x000000070b900000, 0x000000070b900000, 0x000000070ba00000|  0%| F|  |TAMS 0x000000070b900000, 0x000000070b900000| Untracked 
| 174|0x000000070ba00000, 0x000000070ba00000, 0x000000070bb00000|  0%| F|  |TAMS 0x000000070ba00000, 0x000000070ba00000| Untracked 
| 175|0x000000070bb00000, 0x000000070bb00000, 0x000000070bc00000|  0%| F|  |TAMS 0x000000070bb00000, 0x000000070bb00000| Untracked 
| 176|0x000000070bc00000, 0x000000070bc00000, 0x000000070bd00000|  0%| F|  |TAMS 0x000000070bc00000, 0x000000070bc00000| Untracked 
| 177|0x000000070bd00000, 0x000000070bd00000, 0x000000070be00000|  0%| F|  |TAMS 0x000000070bd00000, 0x000000070bd00000| Untracked 
| 178|0x000000070be00000, 0x000000070be00000, 0x000000070bf00000|  0%| F|  |TAMS 0x000000070be00000, 0x000000070be00000| Untracked 
| 179|0x000000070bf00000, 0x000000070bf00000, 0x000000070c000000|  0%| F|  |TAMS 0x000000070bf00000, 0x000000070bf00000| Untracked 
| 180|0x000000070c000000, 0x000000070c000000, 0x000000070c100000|  0%| F|  |TAMS 0x000000070c000000, 0x000000070c000000| Untracked 
| 181|0x000000070c100000, 0x000000070c100000, 0x000000070c200000|  0%| F|  |TAMS 0x000000070c100000, 0x000000070c100000| Untracked 
| 182|0x000000070c200000, 0x000000070c200000, 0x000000070c300000|  0%| F|  |TAMS 0x000000070c200000, 0x000000070c200000| Untracked 
| 183|0x000000070c300000, 0x000000070c300000, 0x000000070c400000|  0%| F|  |TAMS 0x000000070c300000, 0x000000070c300000| Untracked 
| 184|0x000000070c400000, 0x000000070c400000, 0x000000070c500000|  0%| F|  |TAMS 0x000000070c400000, 0x000000070c400000| Untracked 
| 185|0x000000070c500000, 0x000000070c500000, 0x000000070c600000|  0%| F|  |TAMS 0x000000070c500000, 0x000000070c500000| Untracked 
| 186|0x000000070c600000, 0x000000070c600000, 0x000000070c700000|  0%| F|  |TAMS 0x000000070c600000, 0x000000070c600000| Untracked 
| 187|0x000000070c700000, 0x000000070c700000, 0x000000070c800000|  0%| F|  |TAMS 0x000000070c700000, 0x000000070c700000| Untracked 
| 188|0x000000070c800000, 0x000000070c800000, 0x000000070c900000|  0%| F|  |TAMS 0x000000070c800000, 0x000000070c800000| Untracked 
| 189|0x000000070c900000, 0x000000070c900000, 0x000000070ca00000|  0%| F|  |TAMS 0x000000070c900000, 0x000000070c900000| Untracked 
| 190|0x000000070ca00000, 0x000000070ca00000, 0x000000070cb00000|  0%| F|  |TAMS 0x000000070ca00000, 0x000000070ca00000| Untracked 
| 191|0x000000070cb00000, 0x000000070cb00000, 0x000000070cc00000|  0%| F|  |TAMS 0x000000070cb00000, 0x000000070cb00000| Untracked 
| 192|0x000000070cc00000, 0x000000070cc00000, 0x000000070cd00000|  0%| F|  |TAMS 0x000000070cc00000, 0x000000070cc00000| Untracked 
| 193|0x000000070cd00000, 0x000000070cd00000, 0x000000070ce00000|  0%| F|  |TAMS 0x000000070cd00000, 0x000000070cd00000| Untracked 
| 194|0x000000070ce00000, 0x000000070ce00000, 0x000000070cf00000|  0%| F|  |TAMS 0x000000070ce00000, 0x000000070ce00000| Untracked 
| 195|0x000000070cf00000, 0x000000070cf00000, 0x000000070d000000|  0%| F|  |TAMS 0x000000070cf00000, 0x000000070cf00000| Untracked 
| 196|0x000000070d000000, 0x000000070d000000, 0x000000070d100000|  0%| F|  |TAMS 0x000000070d000000, 0x000000070d000000| Untracked 
| 197|0x000000070d100000, 0x000000070d100000, 0x000000070d200000|  0%| F|  |TAMS 0x000000070d100000, 0x000000070d100000| Untracked 
| 198|0x000000070d200000, 0x000000070d200000, 0x000000070d300000|  0%| F|  |TAMS 0x000000070d200000, 0x000000070d200000| Untracked 
| 199|0x000000070d300000, 0x000000070d300000, 0x000000070d400000|  0%| F|  |TAMS 0x000000070d300000, 0x000000070d300000| Untracked 
| 200|0x000000070d400000, 0x000000070d400000, 0x000000070d500000|  0%| F|  |TAMS 0x000000070d400000, 0x000000070d400000| Untracked 
| 201|0x000000070d500000, 0x000000070d500000, 0x000000070d600000|  0%| F|  |TAMS 0x000000070d500000, 0x000000070d500000| Untracked 
| 202|0x000000070d600000, 0x000000070d600000, 0x000000070d700000|  0%| F|  |TAMS 0x000000070d600000, 0x000000070d600000| Untracked 
| 203|0x000000070d700000, 0x000000070d700000, 0x000000070d800000|  0%| F|  |TAMS 0x000000070d700000, 0x000000070d700000| Untracked 
| 204|0x000000070d800000, 0x000000070d800000, 0x000000070d900000|  0%| F|  |TAMS 0x000000070d800000, 0x000000070d800000| Untracked 
| 205|0x000000070d900000, 0x000000070d900000, 0x000000070da00000|  0%| F|  |TAMS 0x000000070d900000, 0x000000070d900000| Untracked 
| 206|0x000000070da00000, 0x000000070da00000, 0x000000070db00000|  0%| F|  |TAMS 0x000000070da00000, 0x000000070da00000| Untracked 
| 207|0x000000070db00000, 0x000000070db00000, 0x000000070dc00000|  0%| F|  |TAMS 0x000000070db00000, 0x000000070db00000| Untracked 
| 208|0x000000070dc00000, 0x000000070dc00000, 0x000000070dd00000|  0%| F|  |TAMS 0x000000070dc00000, 0x000000070dc00000| Untracked 
| 209|0x000000070dd00000, 0x000000070dd00000, 0x000000070de00000|  0%| F|  |TAMS 0x000000070dd00000, 0x000000070dd00000| Untracked 
| 210|0x000000070de00000, 0x000000070de00000, 0x000000070df00000|  0%| F|  |TAMS 0x000000070de00000, 0x000000070de00000| Untracked 
| 211|0x000000070df00000, 0x000000070df00000, 0x000000070e000000|  0%| F|  |TAMS 0x000000070df00000, 0x000000070df00000| Untracked 
| 212|0x000000070e000000, 0x000000070e000000, 0x000000070e100000|  0%| F|  |TAMS 0x000000070e000000, 0x000000070e000000| Untracked 
| 213|0x000000070e100000, 0x000000070e100000, 0x000000070e200000|  0%| F|  |TAMS 0x000000070e100000, 0x000000070e100000| Untracked 
| 214|0x000000070e200000, 0x000000070e200000, 0x000000070e300000|  0%| F|  |TAMS 0x000000070e200000, 0x000000070e200000| Untracked 
| 215|0x000000070e300000, 0x000000070e300000, 0x000000070e400000|  0%| F|  |TAMS 0x000000070e300000, 0x000000070e300000| Untracked 
| 216|0x000000070e400000, 0x000000070e400000, 0x000000070e500000|  0%| F|  |TAMS 0x000000070e400000, 0x000000070e400000| Untracked 
| 217|0x000000070e500000, 0x000000070e500000, 0x000000070e600000|  0%| F|  |TAMS 0x000000070e500000, 0x000000070e500000| Untracked 
| 218|0x000000070e600000, 0x000000070e600000, 0x000000070e700000|  0%| F|  |TAMS 0x000000070e600000, 0x000000070e600000| Untracked 
| 219|0x000000070e700000, 0x000000070e700000, 0x000000070e800000|  0%| F|  |TAMS 0x000000070e700000, 0x000000070e700000| Untracked 
| 220|0x000000070e800000, 0x000000070e800000, 0x000000070e900000|  0%| F|  |TAMS 0x000000070e800000, 0x000000070e800000| Untracked 
| 221|0x000000070e900000, 0x000000070e900000, 0x000000070ea00000|  0%| F|  |TAMS 0x000000070e900000, 0x000000070e900000| Untracked 
| 222|0x000000070ea00000, 0x000000070ea00000, 0x000000070eb00000|  0%| F|  |TAMS 0x000000070ea00000, 0x000000070ea00000| Untracked 
| 223|0x000000070eb00000, 0x000000070eb00000, 0x000000070ec00000|  0%| F|  |TAMS 0x000000070eb00000, 0x000000070eb00000| Untracked 
| 224|0x000000070ec00000, 0x000000070ec00000, 0x000000070ed00000|  0%| F|  |TAMS 0x000000070ec00000, 0x000000070ec00000| Untracked 
| 225|0x000000070ed00000, 0x000000070ed00000, 0x000000070ee00000|  0%| F|  |TAMS 0x000000070ed00000, 0x000000070ed00000| Untracked 
| 226|0x000000070ee00000, 0x000000070ee00000, 0x000000070ef00000|  0%| F|  |TAMS 0x000000070ee00000, 0x000000070ee00000| Untracked 
| 227|0x000000070ef00000, 0x000000070ef00000, 0x000000070f000000|  0%| F|  |TAMS 0x000000070ef00000, 0x000000070ef00000| Untracked 
| 228|0x000000070f000000, 0x000000070f000000, 0x000000070f100000|  0%| F|  |TAMS 0x000000070f000000, 0x000000070f000000| Untracked 
| 229|0x000000070f100000, 0x000000070f200000, 0x000000070f200000|100%| S|CS|TAMS 0x000000070f100000, 0x000000070f100000| Complete 
| 230|0x000000070f200000, 0x000000070f300000, 0x000000070f300000|100%| S|CS|TAMS 0x000000070f200000, 0x000000070f200000| Complete 
| 231|0x000000070f300000, 0x000000070f400000, 0x000000070f400000|100%| S|CS|TAMS 0x000000070f300000, 0x000000070f300000| Complete 
| 232|0x000000070f400000, 0x000000070f400000, 0x000000070f500000|  0%| F|  |TAMS 0x000000070f400000, 0x000000070f400000| Untracked 
| 233|0x000000070f500000, 0x000000070f500000, 0x000000070f600000|  0%| F|  |TAMS 0x000000070f500000, 0x000000070f500000| Untracked 
| 234|0x000000070f600000, 0x000000070f600000, 0x000000070f700000|  0%| F|  |TAMS 0x000000070f600000, 0x000000070f600000| Untracked 
| 235|0x000000070f700000, 0x000000070f700000, 0x000000070f800000|  0%| F|  |TAMS 0x000000070f700000, 0x000000070f700000| Untracked 
| 236|0x000000070f800000, 0x000000070f800000, 0x000000070f900000|  0%| F|  |TAMS 0x000000070f800000, 0x000000070f800000| Untracked 
| 237|0x000000070f900000, 0x000000070f900000, 0x000000070fa00000|  0%| F|  |TAMS 0x000000070f900000, 0x000000070f900000| Untracked 
| 238|0x000000070fa00000, 0x000000070fa00000, 0x000000070fb00000|  0%| F|  |TAMS 0x000000070fa00000, 0x000000070fa00000| Untracked 
| 239|0x000000070fb00000, 0x000000070fb00000, 0x000000070fc00000|  0%| F|  |TAMS 0x000000070fb00000, 0x000000070fb00000| Untracked 
| 240|0x000000070fc00000, 0x000000070fc00000, 0x000000070fd00000|  0%| F|  |TAMS 0x000000070fc00000, 0x000000070fc00000| Untracked 
| 241|0x000000070fd00000, 0x000000070fd00000, 0x000000070fe00000|  0%| F|  |TAMS 0x000000070fd00000, 0x000000070fd00000| Untracked 
| 242|0x000000070fe00000, 0x000000070fe00000, 0x000000070ff00000|  0%| F|  |TAMS 0x000000070fe00000, 0x000000070fe00000| Untracked 
| 243|0x000000070ff00000, 0x000000070ff00000, 0x0000000710000000|  0%| F|  |TAMS 0x000000070ff00000, 0x000000070ff00000| Untracked 
| 244|0x0000000710000000, 0x0000000710000000, 0x0000000710100000|  0%| F|  |TAMS 0x0000000710000000, 0x0000000710000000| Untracked 
| 245|0x0000000710100000, 0x0000000710100000, 0x0000000710200000|  0%| F|  |TAMS 0x0000000710100000, 0x0000000710100000| Untracked 
| 246|0x0000000710200000, 0x0000000710200000, 0x0000000710300000|  0%| F|  |TAMS 0x0000000710200000, 0x0000000710200000| Untracked 
| 247|0x0000000710300000, 0x0000000710300000, 0x0000000710400000|  0%| F|  |TAMS 0x0000000710300000, 0x0000000710300000| Untracked 
| 248|0x0000000710400000, 0x0000000710400000, 0x0000000710500000|  0%| F|  |TAMS 0x0000000710400000, 0x0000000710400000| Untracked 
| 249|0x0000000710500000, 0x0000000710500000, 0x0000000710600000|  0%| F|  |TAMS 0x0000000710500000, 0x0000000710500000| Untracked 
| 250|0x0000000710600000, 0x0000000710600000, 0x0000000710700000|  0%| F|  |TAMS 0x0000000710600000, 0x0000000710600000| Untracked 
| 251|0x0000000710700000, 0x0000000710700000, 0x0000000710800000|  0%| F|  |TAMS 0x0000000710700000, 0x0000000710700000| Untracked 
| 252|0x0000000710800000, 0x0000000710800000, 0x0000000710900000|  0%| F|  |TAMS 0x0000000710800000, 0x0000000710800000| Untracked 
| 253|0x0000000710900000, 0x0000000710900000, 0x0000000710a00000|  0%| F|  |TAMS 0x0000000710900000, 0x0000000710900000| Untracked 
| 254|0x0000000710a00000, 0x0000000710a00000, 0x0000000710b00000|  0%| F|  |TAMS 0x0000000710a00000, 0x0000000710a00000| Untracked 
| 255|0x0000000710b00000, 0x0000000710b80800, 0x0000000710c00000| 50%| E|  |TAMS 0x0000000710b00000, 0x0000000710b00000| Complete 

Card table byte_map: [0x000001f098850000,0x000001f099050000] _byte_map_base: 0x000001f09504a000

Marking Bits (Prev, Next): (CMBitMap*) 0x000001f0fb9ae488, (CMBitMap*) 0x000001f0fb9ae4c0
 Prev Bits: [0x000001f099850000, 0x000001f09d820000)
 Next Bits: [0x000001f09d820000, 0x000001f0a17f0000)

Polling page: 0x000001f080000000

Metaspace:

Usage:
  Non-class:     10.46 MB capacity,    10.30 MB ( 98%) used,   153.05 KB (  1%) free+waste,    10.88 KB ( <1%) overhead. 
      Class:    857.00 KB capacity,   795.93 KB ( 93%) used,    57.20 KB (  7%) free+waste,     3.88 KB ( <1%) overhead. 
       Both:     11.29 MB capacity,    11.07 MB ( 98%) used,   210.24 KB (  2%) free+waste,    14.75 KB ( <1%) overhead. 

Virtual space:
  Non-class space:       12.00 MB reserved,      10.75 MB ( 90%) committed 
      Class space:        1.00 GB reserved,     896.00 KB ( <1%) committed 
             Both:        1.01 GB reserved,      11.63 MB (  1%) committed 

Chunk freelists:
   Non-Class:  13.63 KB
       Class:  896 bytes
        Both:  14.50 KB

CodeHeap 'non-profiled nmethods': size=120000Kb used=345Kb max_used=345Kb free=119654Kb
 bounds [0x000001f08fe90000, 0x000001f090100000, 0x000001f0973c0000]
CodeHeap 'profiled nmethods': size=120000Kb used=1438Kb max_used=1438Kb free=118561Kb
 bounds [0x000001f088960000, 0x000001f088bd0000, 0x000001f08fe90000]
CodeHeap 'non-nmethods': size=5760Kb used=1438Kb max_used=1454Kb free=4321Kb
 bounds [0x000001f0883c0000, 0x000001f088630000, 0x000001f088960000]
 total_blobs=1782 nmethods=861 adapters=833
 compilation: enabled
              stopped_count=0, restarted_count=0
 full_count=0

Compilation events (10 events):
Event: 25.537 Thread 0x000001f0a4fbf000  857       3       java.util.Arrays::rangeCheck (74 bytes)
Event: 25.538 Thread 0x000001f0a4fbf000 nmethod 857 0x000001f088ac5c10 code [0x000001f088ac5ee0, 0x000001f088ac6b50]
Event: 25.723 Thread 0x000001f0a4fbd800  858       4       cz.unicode.grandle.Game::update (259 bytes)
Event: 25.732 Thread 0x000001f0a4fbf000  859       3       jdk.internal.math.FloatingDecimal::getBinaryToASCIIConverter (163 bytes)
Event: 25.733 Thread 0x000001f0a4fbf000 nmethod 859 0x000001f088ac7010 code [0x000001f088ac7220, 0x000001f088ac7950]
Event: 25.743 Thread 0x000001f0a4fbd800 nmethod 858 0x000001f08fee0590 code [0x000001f08fee08c0, 0x000001f08fee1bf8]
Event: 25.937 Thread 0x000001f0a4fbd800  860       4       jdk.internal.math.FloatingDecimal$BinaryToASCIIBuffer::dtoa (1509 bytes)
Event: 25.959 Thread 0x000001f0a4fbd800 nmethod 860 0x000001f08fee2f10 code [0x000001f08fee3120, 0x000001f08fee49b8]
Event: 26.749 Thread 0x000001f0a4fbd800  861       4       jdk.internal.math.FloatingDecimal$BinaryToASCIIBuffer::getChars (502 bytes)
Event: 26.754 Thread 0x000001f0a4fbd800 nmethod 861 0x000001f08fee5810 code [0x000001f08fee59c0, 0x000001f08fee60f8]

GC Heap History (2 events):
Event: 27.779 GC heap before
{Heap before GC invocations=0 (full 0):
 garbage-first heap   total 262144K, used 23552K [0x0000000700c00000, 0x0000000800000000)
  region size 1024K, 24 young (24576K), 0 survivors (0K)
 Metaspace       used 11338K, capacity 11564K, committed 11904K, reserved 1060864K
  class space    used 795K, capacity 857K, committed 896K, reserved 1048576K
}
Event: 27.784 GC heap after
{Heap after GC invocations=1 (full 0):
 garbage-first heap   total 262144K, used 3735K [0x0000000700c00000, 0x0000000800000000)
  region size 1024K, 3 young (3072K), 3 survivors (3072K)
 Metaspace       used 11338K, capacity 11564K, committed 11904K, reserved 1060864K
  class space    used 795K, capacity 857K, committed 896K, reserved 1048576K
}

Deoptimization events (9 events):
Event: 0.092 Thread 0x000001f0fb951800 Uncommon trap: reason=unstable_if action=reinterpret pc=0x000001f08fe94a9c method=java.lang.String.hashCode()I @ 14 c2
Event: 0.248 Thread 0x000001f0fb951800 Uncommon trap: reason=unstable_if action=reinterpret pc=0x000001f08fea4780 method=java.io.WinNTFileSystem.isSlash(C)Z @ 9 c2
Event: 0.322 Thread 0x000001f0fb951800 Uncommon trap: reason=unstable_if action=reinterpret pc=0x000001f08fe91394 method=java.lang.String.isLatin1()Z @ 10 c2
Event: 24.443 Thread 0x000001f0fb951800 Uncommon trap: reason=unstable_if action=reinterpret pc=0x000001f08fed5530 method=cz.unicode.grandle.Game.update()V @ 20 c2
Event: 24.444 Thread 0x000001f0fb951800 Uncommon trap: reason=unstable_if action=reinterpret pc=0x000001f08fed3b98 method=jdk.internal.math.FloatingDecimal$BinaryToASCIIBuffer.dtoa(IJIZ)V @ 111 c2
Event: 25.371 Thread 0x000001f0fb951800 Uncommon trap: reason=unstable_if action=reinterpret pc=0x000001f08fedbdb8 method=jdk.internal.math.FloatingDecimal$BinaryToASCIIBuffer.dtoa(IJIZ)V @ 522 c2
Event: 25.371 Thread 0x000001f0fb951800 Uncommon trap: reason=unstable_if action=reinterpret pc=0x000001f08fed6b18 method=jdk.internal.math.FloatingDecimal$BinaryToASCIIBuffer.getChars([C)I @ 233 c2
Event: 25.372 Thread 0x000001f0fb951800 Uncommon trap: reason=unstable_if action=reinterpret pc=0x000001f08feda648 method=jdk.internal.math.FloatingDecimal$BinaryToASCIIBuffer.estimateDecExp(JI)I @ 78 c2
Event: 25.705 Thread 0x000001f0fb951800 Uncommon trap: reason=unstable_if action=reinterpret pc=0x000001f08fed9f48 method=jdk.internal.math.FloatingDecimal.getBinaryToASCIIConverter(F)Ljdk/internal/math/FloatingDecimal$BinaryToASCIIConverter; @ 9 c2

Classes redefined (0 events):
No events

Internal exceptions (10 events):
Event: 0.355 Thread 0x000001f0fb951800 Exception <a 'java/security/PrivilegedActionException'{0x00000007107c5c48}> (0x00000007107c5c48) thrown at [./open/src/hotspot/share/prims/jvm.cpp, line 1296]
Event: 0.355 Thread 0x000001f0fb951800 Exception <a 'java/security/PrivilegedActionException'{0x00000007107c5f18}> (0x00000007107c5f18) thrown at [./open/src/hotspot/share/prims/jvm.cpp, line 1296]
Event: 0.355 Thread 0x000001f0fb951800 Exception <a 'java/security/PrivilegedActionException'{0x00000007107c7d58}> (0x00000007107c7d58) thrown at [./open/src/hotspot/share/prims/jvm.cpp, line 1296]
Event: 0.355 Thread 0x000001f0fb951800 Exception <a 'java/security/PrivilegedActionException'{0x00000007107c8028}> (0x00000007107c8028) thrown at [./open/src/hotspot/share/prims/jvm.cpp, line 1296]
Event: 0.355 Thread 0x000001f0fb951800 Exception <a 'java/security/PrivilegedActionException'{0x00000007107c9e18}> (0x00000007107c9e18) thrown at [./open/src/hotspot/share/prims/jvm.cpp, line 1296]
Event: 0.355 Thread 0x000001f0fb951800 Exception <a 'java/security/PrivilegedActionException'{0x00000007107ca0e8}> (0x00000007107ca0e8) thrown at [./open/src/hotspot/share/prims/jvm.cpp, line 1296]
Event: 0.839 Thread 0x000001f0fb951800 Exception <a 'sun/nio/fs/WindowsException'{0x0000000710652950}> (0x0000000710652950) thrown at [./open/src/hotspot/share/prims/jni.cpp, line 611]
Event: 0.840 Thread 0x000001f0fb951800 Exception <a 'sun/nio/fs/WindowsException'{0x0000000710652d00}> (0x0000000710652d00) thrown at [./open/src/hotspot/share/prims/jni.cpp, line 611]
Event: 0.843 Thread 0x000001f0fb951800 Exception <a 'sun/nio/fs/WindowsException'{0x0000000710667958}> (0x0000000710667958) thrown at [./open/src/hotspot/share/prims/jni.cpp, line 611]
Event: 0.843 Thread 0x000001f0fb951800 Exception <a 'sun/nio/fs/WindowsException'{0x0000000710667c40}> (0x0000000710667c40) thrown at [./open/src/hotspot/share/prims/jni.cpp, line 611]

Events (10 events):
Event: 25.371 Thread 0x000001f0fb951800 DEOPT PACKING pc=0x000001f08fed6b18 sp=0x000000369f4ff2d0
Event: 25.371 Thread 0x000001f0fb951800 DEOPT UNPACKING pc=0x000001f0883e922f sp=0x000000369f4ff278 mode 2
Event: 25.372 Thread 0x000001f0fb951800 Uncommon trap: trap_request=0xffffff4d fr.pc=0x000001f08feda648 relative=0x0000000000000108
Event: 25.372 Thread 0x000001f0fb951800 DEOPT PACKING pc=0x000001f08feda648 sp=0x000000369f4ff170
Event: 25.372 Thread 0x000001f0fb951800 DEOPT UNPACKING pc=0x000001f0883e922f sp=0x000000369f4ff0c8 mode 2
Event: 25.705 Thread 0x000001f0fb951800 Uncommon trap: trap_request=0xffffff4d fr.pc=0x000001f08fed9f48 relative=0x00000000000001e8
Event: 25.705 Thread 0x000001f0fb951800 DEOPT PACKING pc=0x000001f08fed9f48 sp=0x000000369f4ff340
Event: 25.705 Thread 0x000001f0fb951800 DEOPT UNPACKING pc=0x000001f0883e922f sp=0x000000369f4ff2d0 mode 2
Event: 27.779 Executing VM operation: G1CollectForAllocation
Event: 27.784 Executing VM operation: G1CollectForAllocation done


Dynamic libraries:
0x00007ff691e10000 - 0x00007ff691e1f000 	C:\Program Files\Java\jdk-11.0.9\bin\java.exe
0x00007ffc2ff40000 - 0x00007ffc30130000 	C:\WINDOWS\SYSTEM32\ntdll.dll
0x00007ffc2e560000 - 0x00007ffc2e612000 	C:\WINDOWS\System32\KERNEL32.DLL
0x00007ffc2dd10000 - 0x00007ffc2dfb5000 	C:\WINDOWS\System32\KERNELBASE.dll
0x00007ffc2af60000 - 0x00007ffc2afef000 	C:\WINDOWS\SYSTEM32\apphelp.dll
0x00007ffbfeb40000 - 0x00007ffbfefd2000 	C:\WINDOWS\SYSTEM32\AcLayers.DLL
0x00007ffc2fe60000 - 0x00007ffc2fefe000 	C:\WINDOWS\System32\msvcrt.dll
0x00007ffc2e1e0000 - 0x00007ffc2e374000 	C:\WINDOWS\System32\USER32.dll
0x00007ffc2dfc0000 - 0x00007ffc2dfe1000 	C:\WINDOWS\System32\win32u.dll
0x00007ffc2e530000 - 0x00007ffc2e556000 	C:\WINDOWS\System32\GDI32.dll
0x00007ffc2d0d0000 - 0x00007ffc2d268000 	C:\WINDOWS\System32\gdi32full.dll
0x00007ffc2db50000 - 0x00007ffc2dbee000 	C:\WINDOWS\System32\msvcp_win.dll
0x00007ffc2d270000 - 0x00007ffc2d36a000 	C:\WINDOWS\System32\ucrtbase.dll
0x00007ffc2eab0000 - 0x00007ffc2eb02000 	C:\WINDOWS\System32\SHLWAPI.dll
0x00007ffc2f9e0000 - 0x00007ffc2fd17000 	C:\WINDOWS\System32\combase.dll
0x00007ffc2dff0000 - 0x00007ffc2e10f000 	C:\WINDOWS\System32\RPCRT4.dll
0x00007ffc2cec0000 - 0x00007ffc2cf41000 	C:\WINDOWS\System32\bcryptPrimitives.dll
0x00007ffc2e910000 - 0x00007ffc2e9b3000 	C:\WINDOWS\System32\ADVAPI32.dll
0x00007ffc2e840000 - 0x00007ffc2e8d7000 	C:\WINDOWS\System32\sechost.dll
0x000001f0f9590000 - 0x000001f0f9593000 	C:\WINDOWS\SYSTEM32\sfc.dll
0x00007ffc1d860000 - 0x00007ffc1d8e9000 	C:\WINDOWS\SYSTEM32\WINSPOOL.DRV
0x00007ffc2ce00000 - 0x00007ffc2ce11000 	C:\WINDOWS\System32\kernel.appcore.dll
0x00007ffc2cf50000 - 0x00007ffc2cf76000 	C:\WINDOWS\System32\bcrypt.dll
0x00007ffc26e20000 - 0x00007ffc26f10000 	C:\WINDOWS\SYSTEM32\PROPSYS.dll
0x00007ffc2e630000 - 0x00007ffc2e6f5000 	C:\WINDOWS\System32\OLEAUT32.dll
0x00007ffc2e790000 - 0x00007ffc2e837000 	C:\WINDOWS\System32\shcore.dll
0x00007ffc2c340000 - 0x00007ffc2c37a000 	C:\WINDOWS\SYSTEM32\IPHLPAPI.DLL
0x00007ffc16d30000 - 0x00007ffc16d41000 	C:\WINDOWS\SYSTEM32\sfc_os.DLL
0x00007ffc2fe30000 - 0x00007ffc2fe5e000 	C:\WINDOWS\System32\IMM32.DLL
0x00007ffc1a0f0000 - 0x00007ffc1a108000 	C:\Program Files\Java\jdk-11.0.9\bin\jli.dll
0x00007ffc1c360000 - 0x00007ffc1c375000 	C:\Program Files\Java\jdk-11.0.9\bin\VCRUNTIME140.dll
0x00007ffc22370000 - 0x00007ffc225f4000 	C:\WINDOWS\WinSxS\amd64_microsoft.windows.common-controls_6595b64144ccf1df_6.0.18362.1379_none_9e7ff3b3e45cc0c4\COMCTL32.dll
0x00007ffc24550000 - 0x00007ffc2455a000 	C:\WINDOWS\SYSTEM32\VERSION.dll
0x00007ffc172c0000 - 0x00007ffc1735b000 	C:\Program Files\Java\jdk-11.0.9\bin\msvcp140.dll
0x00007ffbde070000 - 0x00007ffbdeb67000 	C:\Program Files\Java\jdk-11.0.9\bin\server\jvm.dll
0x00007ffc2e900000 - 0x00007ffc2e908000 	C:\WINDOWS\System32\PSAPI.DLL
0x00007ffc26bf0000 - 0x00007ffc26bf9000 	C:\WINDOWS\SYSTEM32\WSOCK32.dll
0x00007ffc26570000 - 0x00007ffc26594000 	C:\WINDOWS\SYSTEM32\WINMM.dll
0x00007ffc2f140000 - 0x00007ffc2f1af000 	C:\WINDOWS\System32\WS2_32.dll
0x00007ffc26540000 - 0x00007ffc2656d000 	C:\WINDOWS\SYSTEM32\WINMMBASE.dll
0x00007ffc2dcc0000 - 0x00007ffc2dd0a000 	C:\WINDOWS\System32\cfgmgr32.dll
0x00007ffc26f30000 - 0x00007ffc26f40000 	C:\Program Files\Java\jdk-11.0.9\bin\verify.dll
0x00007ffc27b50000 - 0x00007ffc27d44000 	C:\WINDOWS\SYSTEM32\DBGHELP.DLL
0x00007ffc27470000 - 0x00007ffc2749a000 	C:\WINDOWS\SYSTEM32\dbgcore.DLL
0x00007ffc19d50000 - 0x00007ffc19d78000 	C:\Program Files\Java\jdk-11.0.9\bin\java.dll
0x00007ffc26c00000 - 0x00007ffc26c0a000 	C:\Program Files\Java\jdk-11.0.9\bin\jimage.dll
0x00007ffc182c0000 - 0x00007ffc182d6000 	C:\Program Files\Java\jdk-11.0.9\bin\zip.dll
0x00007ffc2f1b0000 - 0x00007ffc2f898000 	C:\WINDOWS\System32\SHELL32.dll
0x00007ffc2d370000 - 0x00007ffc2daeb000 	C:\WINDOWS\System32\windows.storage.dll
0x00007ffc2ce70000 - 0x00007ffc2ce93000 	C:\WINDOWS\System32\profapi.dll
0x00007ffc2ce20000 - 0x00007ffc2ce6a000 	C:\WINDOWS\System32\powrprof.dll
0x00007ffc2cdf0000 - 0x00007ffc2ce00000 	C:\WINDOWS\System32\UMPDC.dll
0x00007ffc2dca0000 - 0x00007ffc2dcb7000 	C:\WINDOWS\System32\cryptsp.dll
0x00007ffc18280000 - 0x00007ffc18299000 	C:\Program Files\Java\jdk-11.0.9\bin\net.dll
0x00007ffc284c0000 - 0x00007ffc285b0000 	C:\WINDOWS\SYSTEM32\WINHTTP.dll
0x00007ffc2c630000 - 0x00007ffc2c697000 	C:\WINDOWS\system32\mswsock.dll
0x00007ffc17670000 - 0x00007ffc17682000 	C:\Program Files\Java\jdk-11.0.9\bin\nio.dll
0x00007ffc173e0000 - 0x00007ffc17444000 	C:\Users\42060\AppData\Local\Temp\lwjgl42060\3.2.3-build-13\lwjgl.dll
0x00007ffc17370000 - 0x00007ffc173d2000 	C:\Users\42060\AppData\Local\Temp\lwjgl42060\3.2.3-build-13\glfw.dll
0x00007ffc2b140000 - 0x00007ffc2b1d9000 	C:\WINDOWS\system32\uxtheme.dll
0x00007ffc07dc0000 - 0x00007ffc07e03000 	C:\WINDOWS\SYSTEM32\dinput8.dll
0x00007ffc1bc60000 - 0x00007ffc1bc71000 	C:\WINDOWS\SYSTEM32\xinput1_4.dll
0x00007ffc2cbd0000 - 0x00007ffc2cbfa000 	C:\WINDOWS\SYSTEM32\DEVOBJ.dll
0x00007ffc2b560000 - 0x00007ffc2b58d000 	C:\WINDOWS\SYSTEM32\dwmapi.dll
0x00007ffc20420000 - 0x00007ffc2053c000 	C:\WINDOWS\SYSTEM32\inputhost.dll
0x00007ffc25c30000 - 0x00007ffc25f5a000 	C:\WINDOWS\SYSTEM32\CoreUIComponents.dll
0x00007ffc2a9e0000 - 0x00007ffc2aab4000 	C:\WINDOWS\SYSTEM32\CoreMessaging.dll
0x00007ffc293b0000 - 0x00007ffc29502000 	C:\WINDOWS\SYSTEM32\wintypes.dll
0x00007ffc2be30000 - 0x00007ffc2be61000 	C:\WINDOWS\SYSTEM32\ntmarta.dll
0x00007ffc2f8a0000 - 0x00007ffc2f9d5000 	C:\WINDOWS\System32\MSCTF.dll
0x00007ffc2b9d0000 - 0x00007ffc2b9de000 	C:\WINDOWS\SYSTEM32\HID.DLL
0x00007ffc2ec70000 - 0x00007ffc2f0e0000 	C:\WINDOWS\System32\SETUPAPI.DLL
0x00007ffc2daf0000 - 0x00007ffc2db4c000 	C:\WINDOWS\System32\WINTRUST.dll
0x00007ffc2cea0000 - 0x00007ffc2ceb2000 	C:\WINDOWS\System32\MSASN1.dll
0x00007ffc2cf80000 - 0x00007ffc2d0ca000 	C:\WINDOWS\System32\CRYPT32.dll
0x00007ffbfe740000 - 0x00007ffbfe896000 	C:\WINDOWS\SYSTEM32\opengl32.dll
0x00007ffbe0ea0000 - 0x00007ffbe0ecc000 	C:\WINDOWS\SYSTEM32\GLU32.dll
0x00007ffc2ba30000 - 0x00007ffc2ba50000 	C:\WINDOWS\SYSTEM32\dxcore.dll
0x00007ffc176a0000 - 0x00007ffc176ca000 	C:\WINDOWS\System32\DriverStore\FileRepository\u0361132.inf_amd64_4863ccf4c1b997c9\B361196\atig6pxx.dll
0x00007ffbcbdb0000 - 0x00007ffbceb84000 	C:\WINDOWS\System32\DriverStore\FileRepository\u0361132.inf_amd64_4863ccf4c1b997c9\B361196\atio6axx.dll
0x00007ffc2eb10000 - 0x00007ffc2ec67000 	C:\WINDOWS\System32\ole32.dll
0x00007ffbede70000 - 0x00007ffbede93000 	C:\WINDOWS\SYSTEM32\dxva2.dll
0x00007ffc15300000 - 0x00007ffc1533c000 	C:\WINDOWS\System32\DriverStore\FileRepository\u0361132.inf_amd64_4863ccf4c1b997c9\B361196\atig6txx.dll
0x00007ffc09170000 - 0x00007ffc0932f000 	C:\WINDOWS\SYSTEM32\atiadlxx.dll
0x00007ffc12eb0000 - 0x00007ffc12ef8000 	C:\WINDOWS\SYSTEM32\pdh.dll
0x00007ffc15060000 - 0x00007ffc150b9000 	C:\Users\42060\AppData\Local\Temp\lwjgl42060\3.2.3-build-13\lwjgl_opengl.dll
0x00007ffbdddd0000 - 0x00007ffbdde59000 	C:\Program Files (x86)\Overwolf\0.165.0.28\OWExplorer.dll
0x00007ffc20540000 - 0x00007ffc205dd000 	C:\WINDOWS\System32\TextInputFramework.dll
0x00007ffc1ee70000 - 0x00007ffc1f117000 	C:\WINDOWS\System32\iertutil.dll

dbghelp: loaded successfully - version: 4.0.5 - missing functions: none
symbol engine: initialized successfully - sym options: 0x614 - pdb path: .;C:\Program Files\Java\jdk-11.0.9\bin;C:\WINDOWS\SYSTEM32;C:\WINDOWS\WinSxS\amd64_microsoft.windows.common-controls_6595b64144ccf1df_6.0.18362.1379_none_9e7ff3b3e45cc0c4;C:\Program Files\Java\jdk-11.0.9\bin\server;C:\Users\42060\AppData\Local\Temp\lwjgl42060\3.2.3-build-13;C:\WINDOWS\System32\DriverStore\FileRepository\u0361132.inf_amd64_4863ccf4c1b997c9\B361196;C:\Program Files (x86)\Overwolf\0.165.0.28

VM Arguments:
jvm_args: -Dfile.encoding=windows-1250 -Duser.country=CZ -Duser.language=cs -Duser.variant 
java_command: cz.unicode.grandle.Main
java_class_path (initial): C:\Users\42060\Documents\MyFirstWindow\build\classes\java\main;C:\Users\42060\Documents\MyFirstWindow\build\resources\main;C:\Users\42060\.gradle\caches\modules-2\files-2.1\org.lwjgl\lwjgl-assimp\3.2.3\f62aa07a20afbdd3097efc296c4841e0d29700eb\lwjgl-assimp-3.2.3.jar;C:\Users\42060\.gradle\caches\modules-2\files-2.1\org.lwjgl\lwjgl-assimp\3.2.3\4e60aeb75f0343c4a9ede4ef8b6b32ca702a00a3\lwjgl-assimp-3.2.3-natives-windows.jar;C:\Users\42060\.gradle\caches\modules-2\files-2.1\org.lwjgl\lwjgl-glfw\3.2.3\5e520d5c290c8b012545a8d34fa5db5ab051ea53\lwjgl-glfw-3.2.3.jar;C:\Users\42060\.gradle\caches\modules-2\files-2.1\org.lwjgl\lwjgl-glfw\3.2.3\b4d8a3477cdc2edcf7a5f1e822926be846223f54\lwjgl-glfw-3.2.3-natives-windows.jar;C:\Users\42060\.gradle\caches\modules-2\files-2.1\org.lwjgl\lwjgl-openal\3.2.3\106742e805803ab9eab8e343f0fb31a3d263903c\lwjgl-openal-3.2.3.jar;C:\Users\42060\.gradle\caches\modules-2\files-2.1\org.lwjgl\lwjgl-openal\3.2.3\ec898e8ce11b5886f4f532a1536283ef2817758d\lwjgl-openal-3.2.3-natives-windows.jar;C:\Users\42060\.gradle\caches\modules-2\files-2.1\org.lwjgl\lwjgl-opengl\3.2.3\bdd534a323d0c8f54969b95e424b6ac8984f7d6e\lwjgl-opengl-3.2.3.jar;C:\Users\42060\.gradle\caches\modules-2\files-2.1\org.lwjgl\lwjgl-opengl\3.2.3\e81cfc73ec8708e5e791ed770e4ec3edfc1bbab1\lwjgl-opengl-3.2.3-natives-windows.jar;C:\Users\42060\.gradle\caches\modules-2\files-2.1\org.lwjgl\lwjgl-stb\3.2.3\40eccaa4fa86fc815f2e17946a392fb5fdcc286a\lwjgl-stb-3.2.3.jar;C:\Users\42060\.gradle\caches\modules-2\files-2.1\org.lwjgl\lwjgl-stb\3.2.3\817b21ec286f0ba3dcedb56a3bd275e6a9345be9\lwjgl-stb-3.2.3-natives-windows.jar;C:\Users\42060\.gradle\caches\modules-2\files-2.1\org.lwjgl\lwjgl\3.2.3\17a59ba0fe8d474ec9dbe0d5db40d2cfe59c4c08\lwjgl-3.2.3.jar;C:\Users\42060\.gradle\caches\modules-2\files-2.1\org.lwjgl\lwjgl\3.2.3\27f32cd35349684745951e04388e8e00d681cdcd\lwjgl-3.2.3-natives-windows.jar;C:\Users\42060\.gradle\caches\modules-2\files-2.1\org.joml\joml\1.10.0\a29b8bf72dc14
Launcher Type: SUN_STANDARD

[Global flags]
     intx CICompilerCount                          = 4                                         {product} {ergonomic}
     uint ConcGCThreads                            = 3                                         {product} {ergonomic}
     uint G1ConcRefinementThreads                  = 10                                        {product} {ergonomic}
   size_t G1HeapRegionSize                         = 1048576                                   {product} {ergonomic}
    uintx GCDrainStackTargetSize                   = 64                                        {product} {ergonomic}
   size_t InitialHeapSize                          = 268435456                                 {product} {ergonomic}
   size_t MarkStackSize                            = 4194304                                   {product} {ergonomic}
   size_t MaxHeapSize                              = 4282384384                                {product} {ergonomic}
   size_t MaxNewSize                               = 2569011200                                {product} {ergonomic}
   size_t MinHeapDeltaBytes                        = 1048576                                   {product} {ergonomic}
    uintx NonNMethodCodeHeapSize                   = 5836300                                {pd product} {ergonomic}
    uintx NonProfiledCodeHeapSize                  = 122910970                              {pd product} {ergonomic}
    uintx ProfiledCodeHeapSize                     = 122910970                              {pd product} {ergonomic}
    uintx ReservedCodeCacheSize                    = 251658240                              {pd product} {ergonomic}
     bool SegmentedCodeCache                       = true                                      {product} {ergonomic}
     bool UseCompressedClassPointers               = true                                 {lp64_product} {ergonomic}
     bool UseCompressedOops                        = true                                 {lp64_product} {ergonomic}
     bool UseG1GC                                  = true                                      {product} {ergonomic}
     bool UseLargePagesIndividualAllocation        = false                                  {pd product} {ergonomic}

Logging:
Log output configuration:
 #0: stdout all=warning uptime,level,tags
 #1: stderr all=off uptime,level,tags

Environment Variables:
PATH=C:\Program Files\Common Files\Oracle\Java\javapath;C:\WINDOWS\system32;C:\WINDOWS;C:\WINDOWS\System32\Wbem;C:\WINDOWS\System32\WindowsPowerShell\v1.0\;C:\WINDOWS\System32\OpenSSH\;C:\Program Files\nodejs\;C:\Program Files (x86)\apache-maven-3.6.3\bin;C:\Program Files\Java\jdk-11.0.9\bin;C:\Program Files\Git\cmd;C:\Users\42060\AppData\Local\Microsoft\WindowsApps;C:\Users\42060\AppData\Roaming\npm;C:\Users\42060\AppData\Local\GitHubDesktop\bin
USERNAME=42060
OS=Windows_NT
PROCESSOR_IDENTIFIER=AMD64 Family 23 Model 113 Stepping 0, AuthenticAMD



---------------  S Y S T E M  ---------------

OS: Windows 10 , 64 bit Build 18362 (10.0.18362.1350)

CPU:total 12 (initial active 12) (12 cores per cpu, 2 threads per core) family 23 model 113 stepping 0, cmov, cx8, fxsr, mmx, sse, sse2, sse3, ssse3, sse4.1, sse4.2, popcnt, avx, avx2, aes, clmul, mmxext, 3dnowpref, lzcnt, sse4a, ht, tsc, tscinvbit, tscinv, bmi1, bmi2, adx, sha, fma

Memory: 4k page, system-wide physical 16333M (5438M free)
TotalPageFile size 32205M (AvailPageFile size 12169M)
current process WorkingSet (physical memory assigned to process): 138M, peak: 145M
current process commit charge ("private bytes"): 450M, peak: 462M

vm_info: Java HotSpot(TM) 64-Bit Server VM (11.0.9+7-LTS) for windows-amd64 JRE (11.0.9+7-LTS), built on Sep 15 2020 16:47:03 by "mach5one" with MS VC++ 15.9 (VS2017)

END.
